<?xml version="1.0" encoding="UTF-8"?>
<testsuite name="org.example.MathOpsTest" tests="5" skipped="0" failures="0" errors="0" timestamp="2023-09-30T19:27:58" hostname="DESKTOP-3T37M5M" time="0.016">
  <properties/>
  <testcase name="testIntToBinary()" classname="org.example.MathOpsTest" time="0.01"/>
  <testcase name="testFindMax()" classname="org.example.MathOpsTest" time="0.0"/>
  <testcase name="testCalculateRectangleArea()" classname="org.example.MathOpsTest" time="0.0"/>
  <testcase name="testCalculateFactorial()" classname="org.example.MathOpsTest" time="0.0"/>
  <testcase name="testIsPrime()" classname="org.example.MathOpsTest" time="0.001"/>
  <system-out><![CDATA[]]></system-out>
  <system-err><![CDATA[]]></system-err>
</testsuite>
